2022-04-17 20:04:35.130 PDT [7097] LOG:  starting PostgreSQL 14.2 on aarch64-apple-darwin20.6.0, compiled by Apple clang version 12.0.5 (clang-1205.0.22.9), 64-bit
2022-04-17 20:04:35.132 PDT [7097] LOG:  listening on IPv6 address "::1", port 5432
2022-04-17 20:04:35.132 PDT [7097] LOG:  listening on IPv4 address "127.0.0.1", port 5432
2022-04-17 20:04:35.133 PDT [7097] LOG:  listening on Unix socket "/tmp/.s.PGSQL.5432"
2022-04-17 20:04:35.136 PDT [7098] LOG:  database system was shut down at 2022-04-17 20:04:35 PDT
2022-04-17 20:04:35.140 PDT [7097] LOG:  database system is ready to accept connections
2022-04-17 20:04:56.962 PDT [7116] FATAL:  database "prostgres" does not exist
2022-04-17 20:06:23.648 PDT [7159] ERROR:  syntax error at or near "-" at character 26
2022-04-17 20:06:23.648 PDT [7159] STATEMENT:  CREATE DATABASE bikeshare-analysis
	;
2022-04-17 20:07:48.320 PDT [7159] ERROR:  syntax error at or near "psql" at character 1
2022-04-17 20:07:48.320 PDT [7159] STATEMENT:  psql bikeshare_analysis
	;
2022-04-17 20:35:50.887 PDT [7368] ERROR:  syntax error at or near "," at character 57
2022-04-17 20:35:50.887 PDT [7368] STATEMENT:  CREATE TABLE ride_types
		(
			ride_id VARCHAR(16) PRIMARY,
			rideable_type VARCHAR(13) NOT NULL,
			member_casual VARCHAR(6) NOT NULL,
		);
	
	CREATE TABLE ride_times
		(
			ride_id VARCHAR(16) NOT NULL,
			started_at TIMESTAMP NOT NULL,
			ended_at TIMESTAMP NOT NULL,
			ride_length TIME NOT NULL,
			day_of_week SMALLINT NOT NULL,
			season VARCHAR(6) NOT NULL,
			FOREIGN KEY(ride_id) REFERENCES ride_types(ride_id)
		);
2022-04-17 20:37:59.560 PDT [7368] ERROR:  syntax error at or near ")" at character 139
2022-04-17 20:37:59.560 PDT [7368] STATEMENT:  CREATE TABLE ride_types
		(
			ride_id VARCHAR(16) PRIMARY KEY,
			rideable_type VARCHAR(13) NOT NULL,
			member_casual VARCHAR(6) NOT NULL,
		);
	
	CREATE TABLE ride_times
		(
			ride_id VARCHAR(16) NOT NULL,
			started_at TIMESTAMP NOT NULL,
			ended_at TIMESTAMP NOT NULL,
			ride_length TIME NOT NULL,
			day_of_week SMALLINT NOT NULL,
			season VARCHAR(6) NOT NULL,
			FOREIGN KEY(ride_id) REFERENCES ride_types(ride_id)
		);
2022-04-17 20:38:37.052 PDT [7368] ERROR:  syntax error at or near ")" at character 139
2022-04-17 20:38:37.052 PDT [7368] STATEMENT:  CREATE TABLE ride_types
		(
			ride_id VARCHAR(16) PRIMARY KEY,
			rideable_type VARCHAR(13) NOT NULL,
			member_casual VARCHAR(6) NOT NULL,
		);
	
	
